Using pre-set license
Built from '2020.2/china_unity/release' branch; Version is '2020.2.3f1c1 (0868e01cc8b5) revision 551136'; Using compiler version '192528614'; Build Type 'Release'
OS: 'Windows 10 Enterprise LTSC 2019; OS build 17763.1757; Version 1809; 64bit' Language: 'zh' Physical Memory: 24419 MB
BatchMode: 1, IsHumanControllingUs: 0, StartBugReporterOnCrash: 0, Is64bit: 1, IsPro: 0

 COMMAND LINE ARGUMENTS:
D:\unity\unity\2020.2.3f1c1\Editor\Unity.exe
-adb2
-batchMode
-noUpm
-name
AssetImportWorker0
-projectPath
D:/A_Desktop/2021Game data/Comprehensive engineering training/Engineering scenarios and their automation/project/DOES_rubbish02
-logFile
Logs/AssetImportWorker0.log
-srvPort
65284
Successfully changed project path to: D:/A_Desktop/2021Game data/Comprehensive engineering training/Engineering scenarios and their automation/project/DOES_rubbish02
D:/A_Desktop/2021Game data/Comprehensive engineering training/Engineering scenarios and their automation/project/DOES_rubbish02
Using Asset Import Pipeline V2.
Refreshing native plugins compatible for Editor in 42.58 ms, found 0 plugins.
Preloading 0 native plugins for Editor in 0.00 ms.
Initialize engine version: 2020.2.3f1c1 (0868e01cc8b5)
[Subsystems] Discovering subsystems at path D:/unity/unity/2020.2.3f1c1/Editor/Data/Resources/UnitySubsystems
[Subsystems] Discovering subsystems at path D:/A_Desktop/2021Game data/Comprehensive engineering training/Engineering scenarios and their automation/project/DOES_rubbish02/Assets
GfxDevice: creating device client; threaded=0
Direct3D:
    Version:  Direct3D 11.0 [level 11.1]
    Renderer: NVIDIA GeForce GTX 1060 (ID=0x1c20)
    Vendor:   
    VRAM:     6052 MB
    Driver:   27.21.14.5241
Initialize mono
Mono path[0] = 'D:/unity/unity/2020.2.3f1c1/Editor/Data/Managed'
Mono path[1] = 'D:/unity/unity/2020.2.3f1c1/Editor/Data/MonoBleedingEdge/lib/mono/unityjit'
Mono config path = 'D:/unity/unity/2020.2.3f1c1/Editor/Data/MonoBleedingEdge/etc'
Using monoOptions --debugger-agent=transport=dt_socket,embedding=1,server=y,suspend=n,address=127.0.0.1:56496
Begin MonoManager ReloadAssembly
Registering precompiled unity dll's ...
Register platform support module: D:/unity/unity/2020.2.3f1c1/Editor/Data/PlaybackEngines/WindowsStandaloneSupport/UnityEditor.WindowsStandalone.Extensions.dll
Registered in 0.001156 seconds.
Native extension for WindowsStandalone target not found
Refreshing native plugins compatible for Editor in 46.21 ms, found 0 plugins.
Preloading 0 native plugins for Editor in 0.00 ms.
Invoked RoslynAnalysisRunner static constructor.
RoslynAnalysisRunner will not be running.
RoslynAnalysisRunner has terminated.
Mono: successfully reloaded assembly
- Completed reload, in  0.951 seconds
Platform modules already initialized, skipping
Registering precompiled user dll's ...
Registered in 0.000836 seconds.
Begin MonoManager ReloadAssembly
Native extension for WindowsStandalone target not found
Refreshing native plugins compatible for Editor in 0.54 ms, found 0 plugins.
Preloading 0 native plugins for Editor in 0.00 ms.
Invoked RoslynAnalysisRunner static constructor.
RoslynAnalysisRunner will not be running.
RoslynAnalysisRunner has terminated.
Mono: successfully reloaded assembly
- Completed reload, in  0.796 seconds
Platform modules already initialized, skipping
========================================================================
Worker process is ready to serve import requests
Launched and connected shader compiler UnityShaderCompiler.exe after 0.14 seconds
Refreshing native plugins compatible for Editor in 0.68 ms, found 0 plugins.
Preloading 0 native plugins for Editor in 0.00 ms.
Unloading 1251 Unused Serialized files (Serialized files now loaded: 0)
System memory in use before: 63.9 MB.
System memory in use after: 63.9 MB.

Unloading 10 unused Assets to reduce memory usage. Loaded Objects now: 1694.
Total: 1.701900 ms (FindLiveObjects: 0.132600 ms CreateObjectMapping: 0.040300 ms MarkObjects: 1.468900 ms  DeleteObjects: 0.059200 ms)

========================================================================
Received Import Request.
  path: Assets/PlayerController.cs
  artifactKey: Guid(4c5a2b7ecf56db648af589bef3342bf8) Importer(815301076,1909f56bfc062723c751e8b465ee728b)
Start importing Assets/PlayerController.cs using Guid(4c5a2b7ecf56db648af589bef3342bf8) Importer(815301076,1909f56bfc062723c751e8b465ee728b)  -> (artifact id: '0d83f1216a6c0ed981d947629d72aa07') in 0.021668 seconds
  Import took 0.023884 seconds .

========================================================================
Received Import Request.
  Time since last request: 15.846632 seconds.
  path: Assets/PlayerController.cs
  artifactKey: Guid(4c5a2b7ecf56db648af589bef3342bf8) Importer(815301076,1909f56bfc062723c751e8b465ee728b)
Start importing Assets/PlayerController.cs using Guid(4c5a2b7ecf56db648af589bef3342bf8) Importer(815301076,1909f56bfc062723c751e8b465ee728b)  -> (artifact id: '9680afba46be20ffa8ecae9b62148a0a') in 0.002718 seconds
  Import took 0.004996 seconds .

========================================================================
Received Import Request.
  Time since last request: 15.720574 seconds.
  path: Assets/PlayerController.cs
  artifactKey: Guid(4c5a2b7ecf56db648af589bef3342bf8) Importer(815301076,1909f56bfc062723c751e8b465ee728b)
Start importing Assets/PlayerController.cs using Guid(4c5a2b7ecf56db648af589bef3342bf8) Importer(815301076,1909f56bfc062723c751e8b465ee728b)  -> (artifact id: 'ec13007c1e10cfcc8dbf7f11b9b03186') in 0.002520 seconds
  Import took 0.004877 seconds .

========================================================================
Received Import Request.
  Time since last request: 15.176175 seconds.
  path: Assets/PlayerController.cs
  artifactKey: Guid(4c5a2b7ecf56db648af589bef3342bf8) Importer(815301076,1909f56bfc062723c751e8b465ee728b)
Start importing Assets/PlayerController.cs using Guid(4c5a2b7ecf56db648af589bef3342bf8) Importer(815301076,1909f56bfc062723c751e8b465ee728b)  -> (artifact id: '0bcaee2331049c3b7becc99dae9f5237') in 0.001977 seconds
  Import took 0.004086 seconds .

========================================================================
Received Prepare
Registering precompiled user dll's ...
Registered in 0.000570 seconds.
Begin MonoManager ReloadAssembly
Native extension for WindowsStandalone target not found
Refreshing native plugins compatible for Editor in 0.37 ms, found 0 plugins.
Preloading 0 native plugins for Editor in 0.00 ms.
Invoked RoslynAnalysisRunner static constructor.
RoslynAnalysisRunner will not be running.
RoslynAnalysisRunner has terminated.
Mono: successfully reloaded assembly
- Completed reload, in  0.733 seconds
Platform modules already initialized, skipping
Refreshing native plugins compatible for Editor in 0.35 ms, found 0 plugins.
Preloading 0 native plugins for Editor in 0.00 ms.
Unloading 1244 Unused Serialized files (Serialized files now loaded: 0)
System memory in use before: 63.6 MB.
System memory in use after: 63.7 MB.

Unloading 5 unused Assets to reduce memory usage. Loaded Objects now: 1697.
Total: 1.375400 ms (FindLiveObjects: 0.140800 ms CreateObjectMapping: 0.042500 ms MarkObjects: 1.179900 ms  DeleteObjects: 0.011200 ms)

========================================================================
Received Import Request.
  Time since last request: 26.272971 seconds.
  path: Assets/PlayerController.cs
  artifactKey: Guid(4c5a2b7ecf56db648af589bef3342bf8) Importer(815301076,1909f56bfc062723c751e8b465ee728b)
Start importing Assets/PlayerController.cs using Guid(4c5a2b7ecf56db648af589bef3342bf8) Importer(815301076,1909f56bfc062723c751e8b465ee728b)  -> (artifact id: '35dd14c24844f8f5475e15ba13f31dab') in 0.003366 seconds
  Import took 0.005321 seconds .

========================================================================
Received Prepare
Registering precompiled user dll's ...
Registered in 0.000552 seconds.
Begin MonoManager ReloadAssembly
Native extension for WindowsStandalone target not found
Refreshing native plugins compatible for Editor in 0.35 ms, found 0 plugins.
Preloading 0 native plugins for Editor in 0.00 ms.
Invoked RoslynAnalysisRunner static constructor.
RoslynAnalysisRunner will not be running.
RoslynAnalysisRunner has terminated.
Mono: successfully reloaded assembly
- Completed reload, in  0.754 seconds
Platform modules already initialized, skipping
Refreshing native plugins compatible for Editor in 0.35 ms, found 0 plugins.
Preloading 0 native plugins for Editor in 0.00 ms.
Unloading 1243 Unused Serialized files (Serialized files now loaded: 0)
System memory in use before: 63.6 MB.
System memory in use after: 63.7 MB.

Unloading 5 unused Assets to reduce memory usage. Loaded Objects now: 1699.
Total: 1.587200 ms (FindLiveObjects: 0.227200 ms CreateObjectMapping: 0.054500 ms MarkObjects: 1.292100 ms  DeleteObjects: 0.012200 ms)

========================================================================
Received Prepare
Registering precompiled user dll's ...
Registered in 0.000551 seconds.
Begin MonoManager ReloadAssembly
Native extension for WindowsStandalone target not found
Refreshing native plugins compatible for Editor in 0.37 ms, found 0 plugins.
Preloading 0 native plugins for Editor in 0.00 ms.
Invoked RoslynAnalysisRunner static constructor.
RoslynAnalysisRunner will not be running.
RoslynAnalysisRunner has terminated.
Mono: successfully reloaded assembly
- Completed reload, in  0.752 seconds
Platform modules already initialized, skipping
Refreshing native plugins compatible for Editor in 0.36 ms, found 0 plugins.
Preloading 0 native plugins for Editor in 0.00 ms.
Unloading 1243 Unused Serialized files (Serialized files now loaded: 0)
System memory in use before: 63.6 MB.
System memory in use after: 63.7 MB.

Unloading 5 unused Assets to reduce memory usage. Loaded Objects now: 1701.
Total: 1.619200 ms (FindLiveObjects: 0.140200 ms CreateObjectMapping: 0.046000 ms MarkObjects: 1.417100 ms  DeleteObjects: 0.014600 ms)

========================================================================
Received Prepare
Registering precompiled user dll's ...
Registered in 0.000584 seconds.
Begin MonoManager ReloadAssembly
Native extension for WindowsStandalone target not found
Refreshing native plugins compatible for Editor in 0.36 ms, found 0 plugins.
Preloading 0 native plugins for Editor in 0.00 ms.
Invoked RoslynAnalysisRunner static constructor.
RoslynAnalysisRunner will not be running.
RoslynAnalysisRunner has terminated.
Mono: successfully reloaded assembly
- Completed reload, in  0.805 seconds
Platform modules already initialized, skipping
Refreshing native plugins compatible for Editor in 0.36 ms, found 0 plugins.
Preloading 0 native plugins for Editor in 0.00 ms.
Unloading 1243 Unused Serialized files (Serialized files now loaded: 0)
System memory in use before: 63.6 MB.
System memory in use after: 63.7 MB.

Unloading 5 unused Assets to reduce memory usage. Loaded Objects now: 1703.
Total: 1.743400 ms (FindLiveObjects: 0.125800 ms CreateObjectMapping: 0.031100 ms MarkObjects: 1.569100 ms  DeleteObjects: 0.015200 ms)

========================================================================
Received Prepare
Registering precompiled user dll's ...
Registered in 0.000564 seconds.
Begin MonoManager ReloadAssembly
Native extension for WindowsStandalone target not found
Refreshing native plugins compatible for Editor in 0.37 ms, found 0 plugins.
Preloading 0 native plugins for Editor in 0.00 ms.
Invoked RoslynAnalysisRunner static constructor.
RoslynAnalysisRunner will not be running.
RoslynAnalysisRunner has terminated.
Mono: successfully reloaded assembly
- Completed reload, in  0.752 seconds
Platform modules already initialized, skipping
Refreshing native plugins compatible for Editor in 0.35 ms, found 0 plugins.
Preloading 0 native plugins for Editor in 0.00 ms.
Unloading 1243 Unused Serialized files (Serialized files now loaded: 0)
System memory in use before: 63.6 MB.
System memory in use after: 63.7 MB.

Unloading 5 unused Assets to reduce memory usage. Loaded Objects now: 1705.
Total: 1.796300 ms (FindLiveObjects: 0.155800 ms CreateObjectMapping: 0.058500 ms MarkObjects: 1.566100 ms  DeleteObjects: 0.014800 ms)

========================================================================
Received Prepare
Registering precompiled user dll's ...
Registered in 0.000707 seconds.
Begin MonoManager ReloadAssembly
Native extension for WindowsStandalone target not found
Refreshing native plugins compatible for Editor in 0.41 ms, found 0 plugins.
Preloading 0 native plugins for Editor in 0.00 ms.
Invoked RoslynAnalysisRunner static constructor.
RoslynAnalysisRunner will not be running.
RoslynAnalysisRunner has terminated.
Mono: successfully reloaded assembly
- Completed reload, in  0.798 seconds
Platform modules already initialized, skipping
Refreshing native plugins compatible for Editor in 0.35 ms, found 0 plugins.
Preloading 0 native plugins for Editor in 0.00 ms.
Unloading 1243 Unused Serialized files (Serialized files now loaded: 0)
System memory in use before: 63.6 MB.
System memory in use after: 63.7 MB.

Unloading 5 unused Assets to reduce memory usage. Loaded Objects now: 1707.
Total: 1.757300 ms (FindLiveObjects: 0.198400 ms CreateObjectMapping: 0.067500 ms MarkObjects: 1.471200 ms  DeleteObjects: 0.017200 ms)

========================================================================
Received Prepare
Registering precompiled user dll's ...
Registered in 0.000646 seconds.
Begin MonoManager ReloadAssembly
Native extension for WindowsStandalone target not found
Refreshing native plugins compatible for Editor in 0.38 ms, found 0 plugins.
Preloading 0 native plugins for Editor in 0.00 ms.
Invoked RoslynAnalysisRunner static constructor.
RoslynAnalysisRunner will not be running.
RoslynAnalysisRunner has terminated.
Mono: successfully reloaded assembly
- Completed reload, in  0.785 seconds
Platform modules already initialized, skipping
Refreshing native plugins compatible for Editor in 0.35 ms, found 0 plugins.
Preloading 0 native plugins for Editor in 0.00 ms.
Unloading 1243 Unused Serialized files (Serialized files now loaded: 0)
System memory in use before: 63.6 MB.
System memory in use after: 63.7 MB.

Unloading 5 unused Assets to reduce memory usage. Loaded Objects now: 1709.
Total: 1.376900 ms (FindLiveObjects: 0.122500 ms CreateObjectMapping: 0.033600 ms MarkObjects: 1.207000 ms  DeleteObjects: 0.012900 ms)

========================================================================
Received Prepare
Registering precompiled user dll's ...
Registered in 0.000621 seconds.
Begin MonoManager ReloadAssembly
Native extension for WindowsStandalone target not found
Refreshing native plugins compatible for Editor in 0.52 ms, found 0 plugins.
Preloading 0 native plugins for Editor in 0.00 ms.
Invoked RoslynAnalysisRunner static constructor.
RoslynAnalysisRunner will not be running.
RoslynAnalysisRunner has terminated.
Mono: successfully reloaded assembly
- Completed reload, in  0.739 seconds
Platform modules already initialized, skipping
Refreshing native plugins compatible for Editor in 0.51 ms, found 0 plugins.
Preloading 0 native plugins for Editor in 0.00 ms.
Unloading 1243 Unused Serialized files (Serialized files now loaded: 0)
System memory in use before: 63.7 MB.
System memory in use after: 63.8 MB.

Unloading 5 unused Assets to reduce memory usage. Loaded Objects now: 1711.
Total: 1.629300 ms (FindLiveObjects: 0.119000 ms CreateObjectMapping: 0.032700 ms MarkObjects: 1.464100 ms  DeleteObjects: 0.012500 ms)

========================================================================
Received Import Request.
  Time since last request: 1155.394785 seconds.
  path: ProjectSettings/TagManager.asset
  artifactKey: Guid(00000000000000003000000000000000) Importer(815301076,1909f56bfc062723c751e8b465ee728b)
Start importing ProjectSettings/TagManager.asset using Guid(00000000000000003000000000000000) Importer(815301076,1909f56bfc062723c751e8b465ee728b)  -> (artifact id: 'd1e87e381ffad86c4f7ec485bb65c847') in 0.014706 seconds
  Import took 0.017473 seconds .

========================================================================
Received Import Request.
  Time since last request: 63.250811 seconds.
  path: Assets/PolygonTown/Scripts/SpawnItemController.cs
  artifactKey: Guid(8710a00053dc3974b9cc66526013ab54) Importer(815301076,1909f56bfc062723c751e8b465ee728b)
Start importing Assets/PolygonTown/Scripts/SpawnItemController.cs using Guid(8710a00053dc3974b9cc66526013ab54) Importer(815301076,1909f56bfc062723c751e8b465ee728b)  -> (artifact id: 'bb5d21b71d9ffdac11e0d5d9b6e95dd9') in 0.001799 seconds
  Import took 0.003816 seconds .

========================================================================
Received Import Request.
  Time since last request: 0.050899 seconds.
  path: Assets/PolygonTown/Scripts/SpawnItemController.cs
  artifactKey: Guid(8710a00053dc3974b9cc66526013ab54) Importer(815301076,1909f56bfc062723c751e8b465ee728b)
Start importing Assets/PolygonTown/Scripts/SpawnItemController.cs using Guid(8710a00053dc3974b9cc66526013ab54) Importer(815301076,1909f56bfc062723c751e8b465ee728b)  -> (artifact id: 'bb5d21b71d9ffdac11e0d5d9b6e95dd9') in 0.002095 seconds
  Import took 0.004217 seconds .

========================================================================
Received Prepare
Registering precompiled user dll's ...
Registered in 0.000574 seconds.
Begin MonoManager ReloadAssembly
Native extension for WindowsStandalone target not found
Refreshing native plugins compatible for Editor in 0.42 ms, found 0 plugins.
Preloading 0 native plugins for Editor in 0.00 ms.
Invoked RoslynAnalysisRunner static constructor.
RoslynAnalysisRunner will not be running.
RoslynAnalysisRunner has terminated.
Mono: successfully reloaded assembly
- Completed reload, in  0.779 seconds
Platform modules already initialized, skipping
Refreshing native plugins compatible for Editor in 0.42 ms, found 0 plugins.
Preloading 0 native plugins for Editor in 0.00 ms.
Unloading 1243 Unused Serialized files (Serialized files now loaded: 0)
System memory in use before: 63.7 MB.
System memory in use after: 63.8 MB.

Unloading 6 unused Assets to reduce memory usage. Loaded Objects now: 1713.
Total: 1.558000 ms (FindLiveObjects: 0.126600 ms CreateObjectMapping: 0.037200 ms MarkObjects: 1.377200 ms  DeleteObjects: 0.015800 ms)

========================================================================
Received Prepare
Registering precompiled user dll's ...
Registered in 0.000726 seconds.
Begin MonoManager ReloadAssembly
Native extension for WindowsStandalone target not found
Refreshing native plugins compatible for Editor in 0.36 ms, found 0 plugins.
Preloading 0 native plugins for Editor in 0.00 ms.
Invoked RoslynAnalysisRunner static constructor.
RoslynAnalysisRunner will not be running.
RoslynAnalysisRunner has terminated.
Mono: successfully reloaded assembly
- Completed reload, in  0.767 seconds
Platform modules already initialized, skipping
Refreshing native plugins compatible for Editor in 0.43 ms, found 0 plugins.
Preloading 0 native plugins for Editor in 0.00 ms.
Unloading 1243 Unused Serialized files (Serialized files now loaded: 0)
System memory in use before: 63.7 MB.
System memory in use after: 63.8 MB.

Unloading 5 unused Assets to reduce memory usage. Loaded Objects now: 1715.
Total: 1.651400 ms (FindLiveObjects: 0.143200 ms CreateObjectMapping: 0.036200 ms MarkObjects: 1.456200 ms  DeleteObjects: 0.014200 ms)

========================================================================
Received Import Request.
  Time since last request: 281.549419 seconds.
  path: Assets/PolygonTown/Scripts
  artifactKey: Guid(f58522b41fb86794199a80e4b9d76a1b) Importer(815301076,1909f56bfc062723c751e8b465ee728b)
Start importing Assets/PolygonTown/Scripts using Guid(f58522b41fb86794199a80e4b9d76a1b) Importer(815301076,1909f56bfc062723c751e8b465ee728b)  -> (artifact id: 'b8d5f9b093250b3d6e102f1b60dfc5ce') in 0.005311 seconds
  Import took 0.007410 seconds .

========================================================================
Received Import Request.
  Time since last request: 7.210243 seconds.
  path: Assets/PolygonTown/Scripts/DelayHide.cs
  artifactKey: Guid(73d7f3cb1ac938246a47b7fc4dfa2633) Importer(815301076,1909f56bfc062723c751e8b465ee728b)
Start importing Assets/PolygonTown/Scripts/DelayHide.cs using Guid(73d7f3cb1ac938246a47b7fc4dfa2633) Importer(815301076,1909f56bfc062723c751e8b465ee728b)  -> (artifact id: '4b7d5f1bcef96800c5e0b164ca758fa8') in 0.002248 seconds
  Import took 0.004393 seconds .

========================================================================
Received Prepare
Registering precompiled user dll's ...
Registered in 0.000816 seconds.
Begin MonoManager ReloadAssembly
Native extension for WindowsStandalone target not found
Refreshing native plugins compatible for Editor in 0.36 ms, found 0 plugins.
Preloading 0 native plugins for Editor in 0.00 ms.
Invoked RoslynAnalysisRunner static constructor.
RoslynAnalysisRunner will not be running.
RoslynAnalysisRunner has terminated.
Mono: successfully reloaded assembly
- Completed reload, in  0.774 seconds
Platform modules already initialized, skipping
Refreshing native plugins compatible for Editor in 0.48 ms, found 0 plugins.
Preloading 0 native plugins for Editor in 0.00 ms.
Unloading 1244 Unused Serialized files (Serialized files now loaded: 0)
System memory in use before: 63.7 MB.
System memory in use after: 63.8 MB.

Unloading 5 unused Assets to reduce memory usage. Loaded Objects now: 1718.
Total: 1.641200 ms (FindLiveObjects: 0.165200 ms CreateObjectMapping: 0.048800 ms MarkObjects: 1.411500 ms  DeleteObjects: 0.014500 ms)

========================================================================
Received Prepare
Registering precompiled user dll's ...
Registered in 0.000934 seconds.
Begin MonoManager ReloadAssembly
Native extension for WindowsStandalone target not found
Refreshing native plugins compatible for Editor in 0.35 ms, found 0 plugins.
Preloading 0 native plugins for Editor in 0.00 ms.
Invoked RoslynAnalysisRunner static constructor.
RoslynAnalysisRunner will not be running.
RoslynAnalysisRunner has terminated.
Mono: successfully reloaded assembly
- Completed reload, in  0.745 seconds
Platform modules already initialized, skipping
Refreshing native plugins compatible for Editor in 0.35 ms, found 0 plugins.
Preloading 0 native plugins for Editor in 0.00 ms.
Unloading 1244 Unused Serialized files (Serialized files now loaded: 0)
System memory in use before: 63.7 MB.
System memory in use after: 63.8 MB.

Unloading 5 unused Assets to reduce memory usage. Loaded Objects now: 1720.
Total: 1.338000 ms (FindLiveObjects: 0.128500 ms CreateObjectMapping: 0.035400 ms MarkObjects: 1.161300 ms  DeleteObjects: 0.012000 ms)

========================================================================
Received Import Request.
  Time since last request: 121.038597 seconds.
  path: Assets/SpazeZeta_PlasticTrashBins/Prefabs/TrashbinBlue.prefab
  artifactKey: Guid(3773d0ae256dc594ea12defa93a67c26) Importer(815301076,1909f56bfc062723c751e8b465ee728b)
Start importing Assets/SpazeZeta_PlasticTrashBins/Prefabs/TrashbinBlue.prefab using Guid(3773d0ae256dc594ea12defa93a67c26) Importer(815301076,1909f56bfc062723c751e8b465ee728b)  -> (artifact id: 'd4e0812f9aeb764825e0e0d3578410b7') in 0.316303 seconds
  Import took 0.319905 seconds .

========================================================================
Received Import Request.
  Time since last request: 44.912452 seconds.
  path: Assets/PolygonTown/Scripts/GarbageCan.cs
  artifactKey: Guid(6e08bff0fbac4164c8837e9323ab5bf9) Importer(815301076,1909f56bfc062723c751e8b465ee728b)
Start importing Assets/PolygonTown/Scripts/GarbageCan.cs using Guid(6e08bff0fbac4164c8837e9323ab5bf9) Importer(815301076,1909f56bfc062723c751e8b465ee728b)  -> (artifact id: '3c73d94397a42acb40478190ff7ec1f8') in 0.002763 seconds
  Import took 0.006055 seconds .

========================================================================
Received Prepare
Registering precompiled user dll's ...
Registered in 0.000798 seconds.
Begin MonoManager ReloadAssembly
Native extension for WindowsStandalone target not found
Refreshing native plugins compatible for Editor in 0.35 ms, found 0 plugins.
Preloading 0 native plugins for Editor in 0.00 ms.
Invoked RoslynAnalysisRunner static constructor.
RoslynAnalysisRunner will not be running.
RoslynAnalysisRunner has terminated.
Mono: successfully reloaded assembly
- Completed reload, in  0.732 seconds
Platform modules already initialized, skipping
Refreshing native plugins compatible for Editor in 0.37 ms, found 0 plugins.
Preloading 0 native plugins for Editor in 0.00 ms.
Unloading 1245 Unused Serialized files (Serialized files now loaded: 0)
System memory in use before: 67.2 MB.
System memory in use after: 67.3 MB.

Unloading 5 unused Assets to reduce memory usage. Loaded Objects now: 1731.
Total: 1.670800 ms (FindLiveObjects: 0.123200 ms CreateObjectMapping: 0.036100 ms MarkObjects: 1.495500 ms  DeleteObjects: 0.015200 ms)

========================================================================
Received Import Request.
  Time since last request: 9.012943 seconds.
  path: Assets/PolygonTown/Scripts/Garbage.cs
  artifactKey: Guid(7f611c7df1d0c714aae7af0ed2cf5a0f) Importer(815301076,1909f56bfc062723c751e8b465ee728b)
Start importing Assets/PolygonTown/Scripts/Garbage.cs using Guid(7f611c7df1d0c714aae7af0ed2cf5a0f) Importer(815301076,1909f56bfc062723c751e8b465ee728b)  -> (artifact id: 'e321dfc8ebe07dfb42586914ea7b3a36') in 0.004971 seconds
  Import took 0.007517 seconds .

========================================================================
Received Prepare
Registering precompiled user dll's ...
Registered in 0.000615 seconds.
Begin MonoManager ReloadAssembly
Native extension for WindowsStandalone target not found
Refreshing native plugins compatible for Editor in 0.35 ms, found 0 plugins.
Preloading 0 native plugins for Editor in 0.00 ms.
Invoked RoslynAnalysisRunner static constructor.
RoslynAnalysisRunner will not be running.
RoslynAnalysisRunner has terminated.
Mono: successfully reloaded assembly
- Completed reload, in  0.756 seconds
Platform modules already initialized, skipping
Refreshing native plugins compatible for Editor in 0.42 ms, found 0 plugins.
Preloading 0 native plugins for Editor in 0.00 ms.
Unloading 1246 Unused Serialized files (Serialized files now loaded: 0)
System memory in use before: 67.3 MB.
System memory in use after: 67.4 MB.

Unloading 5 unused Assets to reduce memory usage. Loaded Objects now: 1734.
Total: 1.759000 ms (FindLiveObjects: 0.212400 ms CreateObjectMapping: 0.052200 ms MarkObjects: 1.475600 ms  DeleteObjects: 0.016900 ms)

========================================================================
Received Prepare
Registering precompiled user dll's ...
Registered in 0.000617 seconds.
Begin MonoManager ReloadAssembly
Native extension for WindowsStandalone target not found
Refreshing native plugins compatible for Editor in 0.35 ms, found 0 plugins.
Preloading 0 native plugins for Editor in 0.00 ms.
Invoked RoslynAnalysisRunner static constructor.
RoslynAnalysisRunner will not be running.
RoslynAnalysisRunner has terminated.
Mono: successfully reloaded assembly
- Completed reload, in  0.756 seconds
Platform modules already initialized, skipping
Refreshing native plugins compatible for Editor in 0.67 ms, found 0 plugins.
Preloading 0 native plugins for Editor in 0.00 ms.
Unloading 1246 Unused Serialized files (Serialized files now loaded: 0)
System memory in use before: 67.3 MB.
System memory in use after: 67.4 MB.

Unloading 5 unused Assets to reduce memory usage. Loaded Objects now: 1736.
Total: 1.722500 ms (FindLiveObjects: 0.159500 ms CreateObjectMapping: 0.055300 ms MarkObjects: 1.491300 ms  DeleteObjects: 0.014500 ms)

========================================================================
Received Import Request.
  Time since last request: 44.998256 seconds.
  path: Assets/SpazeZeta_PlasticTrashBins/Prefabs/TrashbinYellow.prefab
  artifactKey: Guid(8d1264d958f92714c81f3d43e933b4b7) Importer(815301076,1909f56bfc062723c751e8b465ee728b)
Start importing Assets/SpazeZeta_PlasticTrashBins/Prefabs/TrashbinYellow.prefab using Guid(8d1264d958f92714c81f3d43e933b4b7) Importer(815301076,1909f56bfc062723c751e8b465ee728b)  -> (artifact id: '434fe65d0e88a051074348b6e2c5319e') in 0.063856 seconds
  Import took 0.066651 seconds .

========================================================================
Received Import Request.
  Time since last request: 7.002155 seconds.
  path: Assets/SpazeZeta_PlasticTrashBins/Prefabs/TrashbinYellow.prefab
  artifactKey: Guid(8d1264d958f92714c81f3d43e933b4b7) Importer(815301076,1909f56bfc062723c751e8b465ee728b)
Start importing Assets/SpazeZeta_PlasticTrashBins/Prefabs/TrashbinYellow.prefab using Guid(8d1264d958f92714c81f3d43e933b4b7) Importer(815301076,1909f56bfc062723c751e8b465ee728b)  -> (artifact id: 'b7b49441238075fc4cf1060abbd8653b') in 0.017113 seconds
  Import took 0.019602 seconds .

========================================================================
Received Prepare
Registering precompiled user dll's ...
Registered in 0.000746 seconds.
Begin MonoManager ReloadAssembly
Native extension for WindowsStandalone target not found
Refreshing native plugins compatible for Editor in 0.37 ms, found 0 plugins.
Preloading 0 native plugins for Editor in 0.00 ms.
Invoked RoslynAnalysisRunner static constructor.
RoslynAnalysisRunner will not be running.
RoslynAnalysisRunner has terminated.
Mono: successfully reloaded assembly
- Completed reload, in  0.801 seconds
Platform modules already initialized, skipping
Refreshing native plugins compatible for Editor in 0.34 ms, found 0 plugins.
Preloading 0 native plugins for Editor in 0.00 ms.
Unloading 1246 Unused Serialized files (Serialized files now loaded: 0)
System memory in use before: 67.3 MB.
System memory in use after: 67.4 MB.

Unloading 5 unused Assets to reduce memory usage. Loaded Objects now: 1739.
Total: 1.677600 ms (FindLiveObjects: 0.139300 ms CreateObjectMapping: 0.038600 ms MarkObjects: 1.484000 ms  DeleteObjects: 0.014400 ms)

========================================================================
Received Import Request.
  Time since last request: 13.983452 seconds.
  path: Assets/SpazeZeta_PlasticTrashBins/Prefabs/TrashbinYellow.prefab
  artifactKey: Guid(8d1264d958f92714c81f3d43e933b4b7) Importer(815301076,1909f56bfc062723c751e8b465ee728b)
Start importing Assets/SpazeZeta_PlasticTrashBins/Prefabs/TrashbinYellow.prefab using Guid(8d1264d958f92714c81f3d43e933b4b7) Importer(815301076,1909f56bfc062723c751e8b465ee728b)  -> (artifact id: '3f838b20ba87da23254783244203d7ff') in 0.054991 seconds
  Import took 0.057538 seconds .

========================================================================
Received Import Request.
  Time since last request: 2.102043 seconds.
  path: Assets/SpazeZeta_PlasticTrashBins/Prefabs/TrashbinBlue.prefab
  artifactKey: Guid(3773d0ae256dc594ea12defa93a67c26) Importer(815301076,1909f56bfc062723c751e8b465ee728b)
Start importing Assets/SpazeZeta_PlasticTrashBins/Prefabs/TrashbinBlue.prefab using Guid(3773d0ae256dc594ea12defa93a67c26) Importer(815301076,1909f56bfc062723c751e8b465ee728b)  -> (artifact id: '0f7fc586964ab815a031217342944eda') in 0.024212 seconds
  Import took 0.027303 seconds .

========================================================================
Received Import Request.
  Time since last request: 5.197112 seconds.
  path: Assets/SpazeZeta_PlasticTrashBins/Prefabs/TrashbinGreen.prefab
  artifactKey: Guid(1a570f403ac9fbc439ef2f8f8fbaed19) Importer(815301076,1909f56bfc062723c751e8b465ee728b)
Start importing Assets/SpazeZeta_PlasticTrashBins/Prefabs/TrashbinGreen.prefab using Guid(1a570f403ac9fbc439ef2f8f8fbaed19) Importer(815301076,1909f56bfc062723c751e8b465ee728b)  -> (artifact id: 'bb22de30eb1e532af349a0f4a4219f22') in 0.017025 seconds
  Import took 0.019878 seconds .

========================================================================
Received Import Request.
  Time since last request: 0.002640 seconds.
  path: Assets/SpazeZeta_PlasticTrashBins/Prefabs/TrashbinGreen.prefab
  artifactKey: Guid(1a570f403ac9fbc439ef2f8f8fbaed19) Importer(815301076,1909f56bfc062723c751e8b465ee728b)
Start importing Assets/SpazeZeta_PlasticTrashBins/Prefabs/TrashbinGreen.prefab using Guid(1a570f403ac9fbc439ef2f8f8fbaed19) Importer(815301076,1909f56bfc062723c751e8b465ee728b)  -> (artifact id: 'bb22de30eb1e532af349a0f4a4219f22') in 0.016707 seconds
  Import took 0.019554 seconds .

========================================================================
Received Import Request.
  Time since last request: 3.236372 seconds.
  path: Assets/SpazeZeta_PlasticTrashBins/Prefabs/TrashbinRed.prefab
  artifactKey: Guid(0f7b3117c02f5a34591d7757a1876e31) Importer(815301076,1909f56bfc062723c751e8b465ee728b)
Start importing Assets/SpazeZeta_PlasticTrashBins/Prefabs/TrashbinRed.prefab using Guid(0f7b3117c02f5a34591d7757a1876e31) Importer(815301076,1909f56bfc062723c751e8b465ee728b)  -> (artifact id: '9de64339cf9321550d9b74b407793256') in 0.019050 seconds
  Import took 0.022693 seconds .

========================================================================
Received Import Request.
  Time since last request: 0.001009 seconds.
  path: Assets/SpazeZeta_PlasticTrashBins/Prefabs/TrashbinRed.prefab
  artifactKey: Guid(0f7b3117c02f5a34591d7757a1876e31) Importer(815301076,1909f56bfc062723c751e8b465ee728b)
Start importing Assets/SpazeZeta_PlasticTrashBins/Prefabs/TrashbinRed.prefab using Guid(0f7b3117c02f5a34591d7757a1876e31) Importer(815301076,1909f56bfc062723c751e8b465ee728b)  -> (artifact id: '9de64339cf9321550d9b74b407793256') in 0.016942 seconds
  Import took 0.020151 seconds .

========================================================================
Received Import Request.
  Time since last request: 7.556237 seconds.
  path: Assets/SpazeZeta_PlasticTrashBins/Prefabs/TrashbinBlue.prefab
  artifactKey: Guid(3773d0ae256dc594ea12defa93a67c26) Importer(815301076,1909f56bfc062723c751e8b465ee728b)
Start importing Assets/SpazeZeta_PlasticTrashBins/Prefabs/TrashbinBlue.prefab using Guid(3773d0ae256dc594ea12defa93a67c26) Importer(815301076,1909f56bfc062723c751e8b465ee728b)  -> (artifact id: '8ad1343f7645e4ef5293aea5b9fe1097') in 0.017312 seconds
  Import took 0.020033 seconds .

========================================================================
Received Import Request.
  Time since last request: 0.000855 seconds.
  path: Assets/SpazeZeta_PlasticTrashBins/Prefabs/TrashbinBlue.prefab
  artifactKey: Guid(3773d0ae256dc594ea12defa93a67c26) Importer(815301076,1909f56bfc062723c751e8b465ee728b)
Start importing Assets/SpazeZeta_PlasticTrashBins/Prefabs/TrashbinBlue.prefab using Guid(3773d0ae256dc594ea12defa93a67c26) Importer(815301076,1909f56bfc062723c751e8b465ee728b)  -> (artifact id: '8ad1343f7645e4ef5293aea5b9fe1097') in 0.016015 seconds
  Import took 0.018881 seconds .

========================================================================
Received Import Request.
  Time since last request: 2.286711 seconds.
  path: Assets/SpazeZeta_PlasticTrashBins/Prefabs/TrashbinYellow.prefab
  artifactKey: Guid(8d1264d958f92714c81f3d43e933b4b7) Importer(815301076,1909f56bfc062723c751e8b465ee728b)
Start importing Assets/SpazeZeta_PlasticTrashBins/Prefabs/TrashbinYellow.prefab using Guid(8d1264d958f92714c81f3d43e933b4b7) Importer(815301076,1909f56bfc062723c751e8b465ee728b)  -> (artifact id: 'c6fcbb836f836d2c323f33476b1406a7') in 0.015776 seconds
  Import took 0.018783 seconds .

========================================================================
Received Import Request.
  Time since last request: 0.013946 seconds.
  path: Assets/SpazeZeta_PlasticTrashBins/Prefabs/TrashbinYellow.prefab
  artifactKey: Guid(8d1264d958f92714c81f3d43e933b4b7) Importer(815301076,1909f56bfc062723c751e8b465ee728b)
Start importing Assets/SpazeZeta_PlasticTrashBins/Prefabs/TrashbinYellow.prefab using Guid(8d1264d958f92714c81f3d43e933b4b7) Importer(815301076,1909f56bfc062723c751e8b465ee728b)  -> (artifact id: 'c6fcbb836f836d2c323f33476b1406a7') in 0.016154 seconds
  Import took 0.019052 seconds .

========================================================================
Received Import Request.
  Time since last request: 3.297846 seconds.
  path: Assets/SpazeZeta_PlasticTrashBins/Prefabs/TrashbinYellow.prefab
  artifactKey: Guid(8d1264d958f92714c81f3d43e933b4b7) Importer(815301076,1909f56bfc062723c751e8b465ee728b)
Start importing Assets/SpazeZeta_PlasticTrashBins/Prefabs/TrashbinYellow.prefab using Guid(8d1264d958f92714c81f3d43e933b4b7) Importer(815301076,1909f56bfc062723c751e8b465ee728b)  -> (artifact id: '186be96f47338216282e42810a9213d6') in 0.016899 seconds
  Import took 0.019912 seconds .

========================================================================
Received Import Request.
  Time since last request: 4.251074 seconds.
  path: ProjectSettings/TagManager.asset
  artifactKey: Guid(00000000000000003000000000000000) Importer(815301076,1909f56bfc062723c751e8b465ee728b)
Start importing ProjectSettings/TagManager.asset using Guid(00000000000000003000000000000000) Importer(815301076,1909f56bfc062723c751e8b465ee728b)  -> (artifact id: 'bba57d037624b89484dea71ea15020bb') in 0.002031 seconds
  Import took 0.004328 seconds .

========================================================================
Received Import Request.
  Time since last request: 6.177760 seconds.
  path: Assets/SpazeZeta_PlasticTrashBins/Prefabs/TrashbinBlue.prefab
  artifactKey: Guid(3773d0ae256dc594ea12defa93a67c26) Importer(815301076,1909f56bfc062723c751e8b465ee728b)
Start importing Assets/SpazeZeta_PlasticTrashBins/Prefabs/TrashbinBlue.prefab using Guid(3773d0ae256dc594ea12defa93a67c26) Importer(815301076,1909f56bfc062723c751e8b465ee728b)  -> (artifact id: '9f1691a76661441840ad6e44756e266f') in 0.015471 seconds
  Import took 0.017992 seconds .

========================================================================
Received Import Request.
  Time since last request: 4.079017 seconds.
  path: Assets/SpazeZeta_PlasticTrashBins/Prefabs/TrashbinYellow.prefab
  artifactKey: Guid(8d1264d958f92714c81f3d43e933b4b7) Importer(815301076,1909f56bfc062723c751e8b465ee728b)
Start importing Assets/SpazeZeta_PlasticTrashBins/Prefabs/TrashbinYellow.prefab using Guid(8d1264d958f92714c81f3d43e933b4b7) Importer(815301076,1909f56bfc062723c751e8b465ee728b)  -> (artifact id: '48523115353a4da4bd5a938a08e0f6bb') in 0.017514 seconds
  Import took 0.020885 seconds .

========================================================================
Received Prepare
Registering precompiled user dll's ...
Registered in 0.000583 seconds.
Begin MonoManager ReloadAssembly
Native extension for WindowsStandalone target not found
Refreshing native plugins compatible for Editor in 0.39 ms, found 0 plugins.
Preloading 0 native plugins for Editor in 0.00 ms.
Invoked RoslynAnalysisRunner static constructor.
RoslynAnalysisRunner will not be running.
RoslynAnalysisRunner has terminated.
Mono: successfully reloaded assembly
- Completed reload, in  0.731 seconds
Platform modules already initialized, skipping
Refreshing native plugins compatible for Editor in 0.40 ms, found 0 plugins.
Preloading 0 native plugins for Editor in 0.00 ms.
Unloading 1246 Unused Serialized files (Serialized files now loaded: 0)
System memory in use before: 67.4 MB.
System memory in use after: 67.5 MB.

Unloading 6 unused Assets to reduce memory usage. Loaded Objects now: 1742.
Total: 1.772300 ms (FindLiveObjects: 0.145900 ms CreateObjectMapping: 0.046000 ms MarkObjects: 1.562600 ms  DeleteObjects: 0.016200 ms)

========================================================================
Received Prepare
Registering precompiled user dll's ...
Registered in 0.000778 seconds.
Begin MonoManager ReloadAssembly
Native extension for WindowsStandalone target not found
Refreshing native plugins compatible for Editor in 0.38 ms, found 0 plugins.
Preloading 0 native plugins for Editor in 0.00 ms.
Invoked RoslynAnalysisRunner static constructor.
RoslynAnalysisRunner will not be running.
RoslynAnalysisRunner has terminated.
Mono: successfully reloaded assembly
- Completed reload, in  1.065 seconds
Platform modules already initialized, skipping
Refreshing native plugins compatible for Editor in 0.42 ms, found 0 plugins.
Preloading 0 native plugins for Editor in 0.00 ms.
Unloading 1246 Unused Serialized files (Serialized files now loaded: 0)
System memory in use before: 67.4 MB.
System memory in use after: 67.5 MB.

Unloading 5 unused Assets to reduce memory usage. Loaded Objects now: 1744.
Total: 2.139500 ms (FindLiveObjects: 0.161700 ms CreateObjectMapping: 0.041900 ms MarkObjects: 1.915500 ms  DeleteObjects: 0.017900 ms)

========================================================================
Received Prepare
Registering precompiled user dll's ...
Registered in 0.000565 seconds.
Begin MonoManager ReloadAssembly
Native extension for WindowsStandalone target not found
Refreshing native plugins compatible for Editor in 0.85 ms, found 0 plugins.
Preloading 0 native plugins for Editor in 0.00 ms.
Invoked RoslynAnalysisRunner static constructor.
RoslynAnalysisRunner will not be running.
RoslynAnalysisRunner has terminated.
Mono: successfully reloaded assembly
- Completed reload, in  1.050 seconds
Platform modules already initialized, skipping
Refreshing native plugins compatible for Editor in 0.79 ms, found 0 plugins.
Preloading 0 native plugins for Editor in 0.00 ms.
Unloading 1246 Unused Serialized files (Serialized files now loaded: 0)
System memory in use before: 67.4 MB.
System memory in use after: 67.5 MB.

Unloading 5 unused Assets to reduce memory usage. Loaded Objects now: 1746.
Total: 2.162200 ms (FindLiveObjects: 0.168600 ms CreateObjectMapping: 0.050000 ms MarkObjects: 1.920100 ms  DeleteObjects: 0.021300 ms)

========================================================================
Received Prepare
Registering precompiled user dll's ...
Registered in 0.001012 seconds.
Begin MonoManager ReloadAssembly
Native extension for WindowsStandalone target not found
Refreshing native plugins compatible for Editor in 0.37 ms, found 0 plugins.
Preloading 0 native plugins for Editor in 0.00 ms.
Invoked RoslynAnalysisRunner static constructor.
RoslynAnalysisRunner will not be running.
RoslynAnalysisRunner has terminated.
Mono: successfully reloaded assembly
- Completed reload, in  0.775 seconds
Platform modules already initialized, skipping
Refreshing native plugins compatible for Editor in 0.40 ms, found 0 plugins.
Preloading 0 native plugins for Editor in 0.00 ms.
Unloading 1246 Unused Serialized files (Serialized files now loaded: 0)
System memory in use before: 67.4 MB.
System memory in use after: 67.5 MB.

Unloading 5 unused Assets to reduce memory usage. Loaded Objects now: 1748.
Total: 1.729000 ms (FindLiveObjects: 0.143300 ms CreateObjectMapping: 0.045800 ms MarkObjects: 1.520700 ms  DeleteObjects: 0.017500 ms)

========================================================================
Received Import Request.
  Time since last request: 857.573904 seconds.
  path: Assets/SpazeZeta_PlasticTrashBins/Prefabs/Cube.prefab
  artifactKey: Guid(7b57aa4271bce7e44891c6dcf0c9e549) Importer(815301076,1909f56bfc062723c751e8b465ee728b)
Start importing Assets/SpazeZeta_PlasticTrashBins/Prefabs/Cube.prefab using Guid(7b57aa4271bce7e44891c6dcf0c9e549) Importer(815301076,1909f56bfc062723c751e8b465ee728b)  -> (artifact id: '2f320f434e9e89c53c9bd0ff6c57cc4e') in 0.056723 seconds
  Import took 0.059734 seconds .

========================================================================
Received Import Request.
  Time since last request: 6.432130 seconds.
  path: Assets/SpazeZeta_PlasticTrashBins/Prefabs/Cube (1).prefab
  artifactKey: Guid(c08397623a3e19c429f9299a7ce8f130) Importer(815301076,1909f56bfc062723c751e8b465ee728b)
Start importing Assets/SpazeZeta_PlasticTrashBins/Prefabs/Cube (1).prefab using Guid(c08397623a3e19c429f9299a7ce8f130) Importer(815301076,1909f56bfc062723c751e8b465ee728b)  -> (artifact id: '29b80e0468a387d41a91ffc6aa2c8402') in 0.007509 seconds
  Import took 0.010000 seconds .

========================================================================
Received Prepare
Registering precompiled user dll's ...
Registered in 0.000785 seconds.
Begin MonoManager ReloadAssembly
Native extension for WindowsStandalone target not found
Refreshing native plugins compatible for Editor in 0.45 ms, found 0 plugins.
Preloading 0 native plugins for Editor in 0.00 ms.
Invoked RoslynAnalysisRunner static constructor.
RoslynAnalysisRunner will not be running.
RoslynAnalysisRunner has terminated.
Mono: successfully reloaded assembly
- Completed reload, in  1.205 seconds
Platform modules already initialized, skipping
Refreshing native plugins compatible for Editor in 0.55 ms, found 0 plugins.
Preloading 0 native plugins for Editor in 0.00 ms.
Unloading 1246 Unused Serialized files (Serialized files now loaded: 0)
System memory in use before: 67.4 MB.
System memory in use after: 67.5 MB.

Unloading 6 unused Assets to reduce memory usage. Loaded Objects now: 1752.
Total: 1.943700 ms (FindLiveObjects: 0.265900 ms CreateObjectMapping: 0.057400 ms MarkObjects: 1.594700 ms  DeleteObjects: 0.024200 ms)

========================================================================
Received Import Request.
  Time since last request: 893.206974 seconds.
  path: Assets/Female Locomotion Pack/left strafe walk.fbx
  artifactKey: Guid(e17ff41f06d9bb447904a1e4ec372bd3) Importer(815301076,1909f56bfc062723c751e8b465ee728b)
Start importing Assets/Female Locomotion Pack/left strafe walk.fbx using Guid(e17ff41f06d9bb447904a1e4ec372bd3) Importer(815301076,1909f56bfc062723c751e8b465ee728b)  -> (artifact id: 'e7e41d0416b49d657f6c0579c64ac420') in 0.029359 seconds
  Import took 0.032214 seconds .

========================================================================
Received Import Request.
  Time since last request: 0.017758 seconds.
  path: Assets/Female Locomotion Pack/left strafe walk.fbx
  artifactKey: Guid(e17ff41f06d9bb447904a1e4ec372bd3) Importer(815301076,1909f56bfc062723c751e8b465ee728b)
Start importing Assets/Female Locomotion Pack/left strafe walk.fbx using Guid(e17ff41f06d9bb447904a1e4ec372bd3) Importer(815301076,1909f56bfc062723c751e8b465ee728b)  -> (artifact id: 'e7e41d0416b49d657f6c0579c64ac420') in 0.004275 seconds
  Import took 0.006609 seconds .

========================================================================
Received Import Request.
  Time since last request: 10.054760 seconds.
  path: Assets/Female Locomotion Pack/left strafe.fbx
  artifactKey: Guid(fb5d12cc168bdea42a987202027b8a3a) Importer(815301076,1909f56bfc062723c751e8b465ee728b)
Start importing Assets/Female Locomotion Pack/left strafe.fbx using Guid(fb5d12cc168bdea42a987202027b8a3a) Importer(815301076,1909f56bfc062723c751e8b465ee728b)  -> (artifact id: '2b861819b392a58f2546a8f0414d698e') in 0.006467 seconds
  Import took 0.008945 seconds .

========================================================================
Received Import Request.
  Time since last request: 2.803293 seconds.
  path: Assets/Female Locomotion Pack/left turn.fbx
  artifactKey: Guid(9d865bd6e7bc5ae4ab19113385f795dd) Importer(815301076,1909f56bfc062723c751e8b465ee728b)
Start importing Assets/Female Locomotion Pack/left turn.fbx using Guid(9d865bd6e7bc5ae4ab19113385f795dd) Importer(815301076,1909f56bfc062723c751e8b465ee728b)  -> (artifact id: '429e7b647b924d2ed5b0a1320dd1aa0e') in 0.004857 seconds
  Import took 0.007370 seconds .

========================================================================
Received Import Request.
  Time since last request: 0.013954 seconds.
  path: Assets/Female Locomotion Pack/left turn.fbx
  artifactKey: Guid(9d865bd6e7bc5ae4ab19113385f795dd) Importer(815301076,1909f56bfc062723c751e8b465ee728b)
Start importing Assets/Female Locomotion Pack/left turn.fbx using Guid(9d865bd6e7bc5ae4ab19113385f795dd) Importer(815301076,1909f56bfc062723c751e8b465ee728b)  -> (artifact id: '429e7b647b924d2ed5b0a1320dd1aa0e') in 0.004511 seconds
  Import took 0.007037 seconds .

========================================================================
Received Import Request.
  Time since last request: 5.718695 seconds.
  path: Assets/Female Locomotion Pack/playerAnim.controller
  artifactKey: Guid(5b758a1dee667764ebf5c85e527bb533) Importer(815301076,1909f56bfc062723c751e8b465ee728b)
Start importing Assets/Female Locomotion Pack/playerAnim.controller using Guid(5b758a1dee667764ebf5c85e527bb533) Importer(815301076,1909f56bfc062723c751e8b465ee728b)  -> (artifact id: '2c006c025c9472edb8a96b9f42407c12') in 0.007789 seconds
  Import took 0.010102 seconds .

========================================================================
Received Prepare
Registering precompiled user dll's ...
Registered in 0.000576 seconds.
Begin MonoManager ReloadAssembly
Native extension for WindowsStandalone target not found
Refreshing native plugins compatible for Editor in 0.36 ms, found 0 plugins.
Preloading 0 native plugins for Editor in 0.00 ms.
Invoked RoslynAnalysisRunner static constructor.
RoslynAnalysisRunner will not be running.
RoslynAnalysisRunner has terminated.
Mono: successfully reloaded assembly
- Completed reload, in  0.699 seconds
Platform modules already initialized, skipping
Refreshing native plugins compatible for Editor in 0.34 ms, found 0 plugins.
Preloading 0 native plugins for Editor in 0.00 ms.
Unloading 1246 Unused Serialized files (Serialized files now loaded: 0)
System memory in use before: 67.5 MB.
System memory in use after: 67.6 MB.

Unloading 5 unused Assets to reduce memory usage. Loaded Objects now: 1754.
Total: 1.706400 ms (FindLiveObjects: 0.264500 ms CreateObjectMapping: 0.043600 ms MarkObjects: 1.382600 ms  DeleteObjects: 0.014700 ms)

AssetImportWorkerClient::OnTransportError - code=2 error=End of file
